obs_space:  [Box(-inf, inf, (14,), float64), Box(-inf, inf, (14,), float64), Box(-inf, inf, (14,), float64), Box(-inf, inf, (14,), float64), Box(-inf, inf, (14,), float64), Box(-inf, inf, (14,), float64), Box(-inf, inf, (14,), float64), Box(-inf, inf, (14,), float64), Box(-inf, inf, (14,), float64), Box(-inf, inf, (14,), float64)]
share_obs_space:  Box(-inf, inf, (180,), float64)
act_space:  [Discrete(15), Discrete(15), Discrete(15), Discrete(15), Discrete(15), Discrete(15), Discrete(15), Discrete(15), Discrete(15), Discrete(15)]
C:\Users\y2-alboraei\.conda\envs\on-policy\lib\site-packages\numpy\core\_asarray.py:136: VisibleDeprecationWarning: Creating an ndarray from ragged nested sequences (which is a list-or-tuple of lists-or-tuples-or ndarrays with different lengths or shapes) is deprecated. If you meant to do this, you must specify 'dtype=object' when creating the ndarray
  return array(a, dtype, copy=False, order=order, subok=True)
TypeError: only size-1 arrays can be converted to Python scalars
The above exception was the direct cause of the following exception:
Traceback (most recent call last):
  File "\\nstu-nas01.uwe.ac.uk\users4$\y2-alboraei\Windows\Downloads\on-policy\onpolicy\scripts\train\train_swarm.py", line 177, in <module>
    main(sys.argv[1:])
  File "\\nstu-nas01.uwe.ac.uk\users4$\y2-alboraei\Windows\Downloads\on-policy\onpolicy\scripts\train\train_swarm.py", line 163, in main
    runner.run()
  File "\\nstu-nas01.uwe.ac.uk\users4$\y2-alboraei\windows\downloads\on-policy\onpolicy\runner\shared\swarm_runner.py", line 14, in run
    self.warmup()
  File "\\nstu-nas01.uwe.ac.uk\users4$\y2-alboraei\windows\downloads\on-policy\onpolicy\runner\shared\swarm_runner.py", line 95, in warmup
    self.buffer.share_obs[0] = share_obs.copy()
ValueError: setting an array element with a sequence.